<?xml version="1.0" encoding="UTF-8"?>
<!-- Generated by org.testng.reporters.JUnitReportReporter -->
<testsuite skipped="0" hostname="LAPTOP-VHSAH8S1" name="com.aasignment.CreateProjectTest" tests="1" failures="0" timestamp="2022-09-28T12:23:06 IST" time="2.365" errors="0">
  <testcase name="createGetAndValidateProjectTest" time="2.365" classname="com.aasignment.CreateProjectTest"/>
  <system-out/>
</testsuite> <!-- com.aasignment.CreateProjectTest -->
